2022-12-16 01:07:18,280 INFO  [Log] ********************************** 
2022-12-16 01:07:18,281 INFO  [Log] ***************************************** 
2022-12-16 01:07:18,302 INFO  [Log] ############   My test case ################ 
2022-12-16 01:07:18,302 INFO  [Log] ********************************** 
2022-12-16 01:07:18,302 INFO  [Log] ***************************************** 
2022-12-16 01:07:18,303 INFO  [Log] Test in process 
2022-12-16 01:07:18,303 INFO  [Log] My test case might be failed 
2022-12-16 01:07:22,895 INFO  [Log] My test case is about to complete 
2022-12-16 01:07:22,895 INFO  [Log] ################################## 
2022-12-16 01:07:22,895 INFO  [Log] ########################################## 
2022-12-16 01:07:22,897 INFO  [Log] ############   This is my login test again ################ 
2022-12-16 01:07:22,898 INFO  [Log] ########################## 
2022-12-16 01:07:22,898 INFO  [Log] ########################################## 
2022-12-16 04:01:12,084 INFO  [Log] ********************************** 
2022-12-16 04:01:12,086 INFO  [Log] ***************************************** 
2022-12-16 04:01:12,093 INFO  [Log] ############   My test case ################ 
2022-12-16 04:01:12,093 INFO  [Log] ********************************** 
2022-12-16 04:01:12,093 INFO  [Log] ***************************************** 
2022-12-16 04:01:12,093 INFO  [Log] Test in process 
2022-12-16 04:01:12,093 INFO  [Log] My test case might be failed 
2022-12-16 04:01:18,126 INFO  [Log] My test case is about to complete 
2022-12-16 04:01:18,126 INFO  [Log] ################################## 
2022-12-16 04:01:18,126 INFO  [Log] ########################################## 
2022-12-16 04:01:18,126 INFO  [Log] ############   This is my login test again ################ 
2022-12-16 04:01:18,126 INFO  [Log] ########################## 
2022-12-16 04:01:18,127 INFO  [Log] ########################################## 
2022-12-16 04:22:03,267 INFO  [Log] ********************************** 
2022-12-16 04:22:03,268 INFO  [Log] ***************************************** 
2022-12-16 04:22:03,291 INFO  [Log] ############   My test case ################ 
2022-12-16 04:22:03,291 INFO  [Log] ********************************** 
2022-12-16 04:22:03,291 INFO  [Log] ***************************************** 
2022-12-16 04:22:03,291 INFO  [Log] Test in process 
2022-12-16 04:22:03,291 INFO  [Log] My test case might be failed 
2022-12-16 04:22:10,707 INFO  [Log] My test case is about to complete 
2022-12-16 04:22:10,708 INFO  [Log] ################################## 
2022-12-16 04:22:10,708 INFO  [Log] ########################################## 
2022-12-16 04:22:10,708 INFO  [Log] ############   This is my login test again ################ 
2022-12-16 04:22:10,708 INFO  [Log] ########################## 
2022-12-16 04:22:10,708 INFO  [Log] ########################################## 
2022-12-16 04:23:31,532 INFO  [Log] ********************************** 
2022-12-16 04:23:31,533 INFO  [Log] ***************************************** 
2022-12-16 04:23:31,552 INFO  [Log] ############   My test case ################ 
2022-12-16 04:23:31,552 INFO  [Log] ********************************** 
2022-12-16 04:23:31,552 INFO  [Log] ***************************************** 
2022-12-16 04:23:31,552 INFO  [Log] Test in process 
2022-12-16 04:23:31,552 INFO  [Log] My test case might be failed 
2022-12-16 04:23:37,899 INFO  [Log] My test case is about to complete 
2022-12-16 04:23:37,899 INFO  [Log] ################################## 
2022-12-16 04:23:37,899 INFO  [Log] ########################################## 
2022-12-16 04:23:37,900 INFO  [Log] ############   This is my login test again ################ 
2022-12-16 04:23:37,900 INFO  [Log] ########################## 
2022-12-16 04:23:37,900 INFO  [Log] ########################################## 
2022-12-17 22:09:52,780 INFO  [Log] ********************************** 
2022-12-17 22:09:52,781 INFO  [Log] ***************************************** 
2022-12-17 22:09:52,791 INFO  [Log] ############   My test case ################ 
2022-12-17 22:09:52,791 INFO  [Log] ********************************** 
2022-12-17 22:09:52,791 INFO  [Log] ***************************************** 
2022-12-17 22:09:52,791 INFO  [Log] Test in process 
2022-12-17 22:09:52,791 INFO  [Log] My test case might be failed 
2022-12-17 22:09:57,941 INFO  [Log] My test case is about to complete 
2022-12-17 22:09:57,941 INFO  [Log] ################################## 
2022-12-17 22:09:57,941 INFO  [Log] ########################################## 
2022-12-17 22:09:57,941 INFO  [Log] ############   This is my login test again ################ 
2022-12-17 22:09:57,941 INFO  [Log] ########################## 
2022-12-17 22:09:57,941 INFO  [Log] ########################################## 
2022-12-19 02:02:50,184 INFO  [Log] ********************************** 
2022-12-19 02:02:50,185 INFO  [Log] ***************************************** 
2022-12-19 02:02:50,191 INFO  [Log] ############   My test case ################ 
2022-12-19 02:02:50,191 INFO  [Log] ********************************** 
2022-12-19 02:02:50,191 INFO  [Log] ***************************************** 
2022-12-19 02:02:50,191 INFO  [Log] Test in process 
2022-12-19 02:02:50,191 INFO  [Log] My test case might be failed 
2022-12-19 02:02:57,001 INFO  [Log] My test case is about to complete 
2022-12-19 02:02:57,002 INFO  [Log] ################################## 
2022-12-19 02:02:57,002 INFO  [Log] ########################################## 
2022-12-19 02:02:57,002 INFO  [Log] ############   This is my login test again ################ 
2022-12-19 02:02:57,002 INFO  [Log] ########################## 
2022-12-19 02:02:57,003 INFO  [Log] ########################################## 
2022-12-19 02:05:11,849 INFO  [Log] ********************************** 
2022-12-19 02:05:11,850 INFO  [Log] ***************************************** 
2022-12-19 02:05:11,870 INFO  [Log] ############   My test case ################ 
2022-12-19 02:05:11,870 INFO  [Log] ********************************** 
2022-12-19 02:05:11,870 INFO  [Log] ***************************************** 
2022-12-19 02:05:11,870 INFO  [Log] Test in process 
2022-12-19 02:05:11,870 INFO  [Log] My test case might be failed 
2022-12-19 02:05:18,634 INFO  [Log] My test case is about to complete 
2022-12-19 02:05:18,634 INFO  [Log] ################################## 
2022-12-19 02:05:18,634 INFO  [Log] ########################################## 
2022-12-19 02:05:18,636 INFO  [Log] ############   This is my login test again ################ 
2022-12-19 02:05:18,636 INFO  [Log] ########################## 
2022-12-19 02:05:18,637 INFO  [Log] ########################################## 
2022-12-19 02:07:29,213 INFO  [Log] ********************************** 
2022-12-19 02:07:29,214 INFO  [Log] ***************************************** 
2022-12-19 02:07:29,235 INFO  [Log] ############   My test case ################ 
2022-12-19 02:07:29,235 INFO  [Log] ********************************** 
2022-12-19 02:07:29,235 INFO  [Log] ***************************************** 
2022-12-19 02:07:29,235 INFO  [Log] Test in process 
2022-12-19 02:07:29,235 INFO  [Log] My test case might be failed 
2022-12-19 02:07:36,207 INFO  [Log] My test case is about to complete 
2022-12-19 02:07:36,207 INFO  [Log] ################################## 
2022-12-19 02:07:36,207 INFO  [Log] ########################################## 
2022-12-19 02:07:36,208 INFO  [Log] ############   This is my login test again ################ 
2022-12-19 02:07:36,208 INFO  [Log] ########################## 
2022-12-19 02:07:36,208 INFO  [Log] ########################################## 
2022-12-19 02:11:02,154 INFO  [Log] ********************************** 
2022-12-19 02:11:02,155 INFO  [Log] ***************************************** 
2022-12-19 02:11:02,180 INFO  [Log] ############   My test case ################ 
2022-12-19 02:11:02,180 INFO  [Log] ********************************** 
2022-12-19 02:11:02,180 INFO  [Log] ***************************************** 
2022-12-19 02:11:02,180 INFO  [Log] Test in process 
2022-12-19 02:11:02,180 INFO  [Log] My test case might be failed 
2022-12-19 02:11:50,259 INFO  [Log] My test case is about to complete 
2022-12-19 02:11:50,259 INFO  [Log] ################################## 
2022-12-19 02:11:50,259 INFO  [Log] ########################################## 
2022-12-19 02:11:50,260 INFO  [Log] ############   This is my login test again ################ 
2022-12-19 02:11:50,260 INFO  [Log] ########################## 
2022-12-19 02:11:50,260 INFO  [Log] ########################################## 
2022-12-19 02:26:23,177 INFO  [Log] ********************************** 
2022-12-19 02:26:23,178 INFO  [Log] ***************************************** 
2022-12-19 02:26:23,201 INFO  [Log] ############   My test case ################ 
2022-12-19 02:26:23,201 INFO  [Log] ********************************** 
2022-12-19 02:26:23,201 INFO  [Log] ***************************************** 
2022-12-19 02:26:23,201 INFO  [Log] Test in process 
2022-12-19 02:26:23,201 INFO  [Log] My test case might be failed 
2022-12-19 02:26:39,883 INFO  [Log] My test case is about to complete 
2022-12-19 02:26:39,884 INFO  [Log] ################################## 
2022-12-19 02:26:39,884 INFO  [Log] ########################################## 
2022-12-19 02:26:39,885 INFO  [Log] ############   This is my login test again ################ 
2022-12-19 02:26:39,885 INFO  [Log] ########################## 
2022-12-19 02:26:39,885 INFO  [Log] ########################################## 
2022-12-19 02:27:16,101 INFO  [Log] ********************************** 
2022-12-19 02:27:16,102 INFO  [Log] ***************************************** 
2022-12-19 02:27:16,119 INFO  [Log] ############   My test case ################ 
2022-12-19 02:27:16,119 INFO  [Log] ********************************** 
2022-12-19 02:27:16,119 INFO  [Log] ***************************************** 
2022-12-19 02:27:16,119 INFO  [Log] Test in process 
2022-12-19 02:27:16,119 INFO  [Log] My test case might be failed 
2022-12-19 02:27:31,032 INFO  [Log] My test case is about to complete 
2022-12-19 02:27:31,032 INFO  [Log] ################################## 
2022-12-19 02:27:31,033 INFO  [Log] ########################################## 
2022-12-19 02:27:31,035 INFO  [Log] ############   This is my login test again ################ 
2022-12-19 02:27:31,035 INFO  [Log] ########################## 
2022-12-19 02:27:31,035 INFO  [Log] ########################################## 
2022-12-19 02:29:17,635 INFO  [Log] ********************************** 
2022-12-19 02:29:17,636 INFO  [Log] ***************************************** 
2022-12-19 02:29:17,654 INFO  [Log] ############   My test case ################ 
2022-12-19 02:29:17,654 INFO  [Log] ********************************** 
2022-12-19 02:29:17,654 INFO  [Log] ***************************************** 
2022-12-19 02:29:17,654 INFO  [Log] Test in process 
2022-12-19 02:29:17,654 INFO  [Log] My test case might be failed 
2022-12-19 02:29:33,666 INFO  [Log] My test case is about to complete 
2022-12-19 02:29:33,667 INFO  [Log] ################################## 
2022-12-19 02:29:33,667 INFO  [Log] ########################################## 
2022-12-19 02:29:33,668 INFO  [Log] ############   This is my login test again ################ 
2022-12-19 02:29:33,668 INFO  [Log] ########################## 
2022-12-19 02:29:33,668 INFO  [Log] ########################################## 
